<?xml version="1.0" encoding="UTF-8"?>
<!-- Generated by org.testng.reporters.JUnitReportReporter -->
<testsuite hostname="Admin-PC" failures="0" tests="2" name="com.nal.qa.testcases.NalHomePageTest" time="91.079" errors="0" timestamp="2022-09-20T17:29:04 EDT" skipped="0">
  <testcase classname="com.nal.qa.testcases.NalHomePageTest" name="myAccountLinkToLoginTest" time="57.740"/>
  <system-out/>
  <testcase classname="com.nal.qa.testcases.NalHomePageTest" name="myAccountLinkToRegisterTest" time="33.339"/>
  <system-out/>
</testsuite> <!-- com.nal.qa.testcases.NalHomePageTest -->
